<?xml version="1.0" encoding="UTF-8"?>
<testsuite name="org.example.MyTest" tests="1" skipped="0" failures="0" errors="0" timestamp="2025-04-01T22:39:49" hostname="KMDLNV" time="0.009">
  <properties/>
  <testcase name="testTruth" classname="org.example.MyTest" time="0.009"/>
  <system-out><![CDATA[]]></system-out>
  <system-err><![CDATA[]]></system-err>
</testsuite>
